<?xml version="1.0" encoding="UTF-8"?>
<!-- Generated by org.testng.reporters.JUnitReportReporter -->
<testsuite hostname="LAPTOP-1VSV7RHN" failures="0" tests="1" name="concept_selenium.printvaluealert" time="7.839" errors="0" timestamp="2022-06-16T08:35:35 CDT" skipped="0">
  <testcase classname="concept_selenium.printvaluealert" name="valuealert" time="7.839"/>
  <system-out/>
</testsuite> <!-- concept_selenium.printvaluealert -->
