<?xml version="1.0" encoding="UTF-8"?>
<!-- Generated by org.testng.reporters.JUnitReportReporter -->
<testsuite hostname="LAPTOP-1VSV7RHN" failures="0" tests="1" name="concept_selenium.dropdown" time="10.104" errors="0" timestamp="2022-06-15T23:34:41 CDT" skipped="0">
  <testcase classname="concept_selenium.dropdown" name="dropdown" time="10.104"/>
  <system-out/>
</testsuite> <!-- concept_selenium.dropdown -->
