<?xml version="1.0" encoding="UTF-8"?>
<!-- Generated by org.testng.reporters.JUnitReportReporter -->
<testsuite hostname="LAPTOP-1VSV7RHN" failures="0" tests="1" name="concept_selenium.print_urlsourcetitle" time="16.810" errors="0" timestamp="2022-06-15T23:19:44 CDT" skipped="0">
  <testcase classname="concept_selenium.print_urlsourcetitle" name="sourcetitleurl" time="16.810"/>
  <system-out/>
</testsuite> <!-- concept_selenium.print_urlsourcetitle -->
