<?xml version="1.0" encoding="UTF-8"?>
<!-- Generated by org.testng.reporters.JUnitReportReporter -->
<testsuite hostname="LAPTOP-1VSV7RHN" failures="0" tests="1" name="concept_selenium.Print_link" time="11.247" errors="0" timestamp="2022-06-16T23:07:52 CDT" skipped="0">
  <testcase classname="concept_selenium.Print_link" name="printlink" time="11.247"/>
  <system-out/>
</testsuite> <!-- concept_selenium.Print_link -->
